<?xml version="1.0" encoding="UTF-8"?>
<testng-results ignored="0" total="1" passed="1" failed="0" skipped="0">
  <reporter-output>
  </reporter-output>
  <suite started-at="2018-06-05T03:53:28Z" name="Default suite" finished-at="2018-06-05T03:53:49Z" duration-ms="20575">
    <groups>
    </groups>
    <test started-at="2018-06-05T03:53:28Z" name="Default test" finished-at="2018-06-05T03:53:49Z" duration-ms="20575">
      <class name="Recaudador.Registro_Vehicular.ConsultaProceso">
        <test-method is-config="true" signature="setup()[pri:0, instance:Recaudador.Registro_Vehicular.ConsultaProceso@7c1e2a9e]" started-at="2018-06-05T03:53:28Z" name="setup" finished-at="2018-06-05T03:53:31Z" duration-ms="2986" status="PASS">
          <reporter-output>
          </reporter-output>
        </test-method> <!-- setup -->
        <test-method signature="consultaProcesoActivo()[pri:0, instance:Recaudador.Registro_Vehicular.ConsultaProceso@7c1e2a9e]" started-at="2018-06-05T03:53:31Z" name="consultaProcesoActivo" finished-at="2018-06-05T03:53:49Z" duration-ms="17568" status="PASS">
          <reporter-output>
          </reporter-output>
        </test-method> <!-- consultaProcesoActivo -->
      </class> <!-- Recaudador.Registro_Vehicular.ConsultaProceso -->
    </test> <!-- Default test -->
  </suite> <!-- Default suite -->
</testng-results>
